c:\users\aalex\desktop\egc\gfx-framework-master\build\gfxframework.dir\debug\vc143.pdb
c:\users\aalex\desktop\egc\gfx-framework-master\build\gfxframework.dir\debug\lab1.obj
c:\users\aalex\desktop\egc\gfx-framework-master\build\gfxframework.dir\debug\world.obj
c:\users\aalex\desktop\egc\gfx-framework-master\build\gfxframework.dir\debug\window_object.obj
c:\users\aalex\desktop\egc\gfx-framework-master\build\gfxframework.dir\debug\window_callbacks.obj
c:\users\aalex\desktop\egc\gfx-framework-master\build\gfxframework.dir\debug\input_controller.obj
c:\users\aalex\desktop\egc\gfx-framework-master\build\gfxframework.dir\debug\texture_manager.obj
c:\users\aalex\desktop\egc\gfx-framework-master\build\gfxframework.dir\debug\texture2d.obj
c:\users\aalex\desktop\egc\gfx-framework-master\build\gfxframework.dir\debug\shader.obj
c:\users\aalex\desktop\egc\gfx-framework-master\build\gfxframework.dir\debug\mesh.obj
c:\users\aalex\desktop\egc\gfx-framework-master\build\gfxframework.dir\debug\gpu_buffers.obj
c:\users\aalex\desktop\egc\gfx-framework-master\build\gfxframework.dir\debug\frame_buffer.obj
c:\users\aalex\desktop\egc\gfx-framework-master\build\gfxframework.dir\debug\engine.obj
c:\users\aalex\desktop\egc\gfx-framework-master\build\gfxframework.dir\debug\text_renderer.obj
c:\users\aalex\desktop\egc\gfx-framework-master\build\gfxframework.dir\debug\simple_scene.obj
c:\users\aalex\desktop\egc\gfx-framework-master\build\gfxframework.dir\debug\scene_input.obj
c:\users\aalex\desktop\egc\gfx-framework-master\build\gfxframework.dir\debug\camera_input.obj
c:\users\aalex\desktop\egc\gfx-framework-master\build\gfxframework.dir\debug\tema1.obj
c:\users\aalex\desktop\egc\gfx-framework-master\build\gfxframework.dir\debug\render.obj
c:\users\aalex\desktop\egc\gfx-framework-master\build\gfxframework.dir\debug\game.obj
c:\users\aalex\desktop\egc\gfx-framework-master\build\gfxframework.dir\debug\editor.obj
c:\users\aalex\desktop\egc\gfx-framework-master\build\gfxframework.dir\debug\text_utils.obj
c:\users\aalex\desktop\egc\gfx-framework-master\build\gfxframework.dir\debug\gl_utils.obj
c:\users\aalex\desktop\egc\gfx-framework-master\build\gfxframework.dir\debug\main.obj
c:\users\aalex\desktop\egc\gfx-framework-master\build\gfxframework.dir\debug\lab9.obj
c:\users\aalex\desktop\egc\gfx-framework-master\build\gfxframework.dir\debug\lab8.obj
c:\users\aalex\desktop\egc\gfx-framework-master\build\gfxframework.dir\debug\lab7.obj
c:\users\aalex\desktop\egc\gfx-framework-master\build\gfxframework.dir\debug\lab6.obj
c:\users\aalex\desktop\egc\gfx-framework-master\build\gfxframework.dir\debug\lab5.obj
c:\users\aalex\desktop\egc\gfx-framework-master\build\gfxframework.dir\debug\lab4.obj
c:\users\aalex\desktop\egc\gfx-framework-master\build\gfxframework.dir\debug\object2d.obj
c:\users\aalex\desktop\egc\gfx-framework-master\build\gfxframework.dir\debug\lab3_vis2d.obj
c:\users\aalex\desktop\egc\gfx-framework-master\build\gfxframework.dir\debug\lab3.obj
c:\users\aalex\desktop\egc\gfx-framework-master\build\gfxframework.dir\debug\lab2.obj
c:\users\aalex\desktop\egc\gfx-framework-master\build\cmakefiles\generate.stamp
c:\users\aalex\desktop\egc\gfx-framework-master\build\bin\debug\gfxframework.exe
c:\users\aalex\desktop\egc\gfx-framework-master\build\bin\debug\gfxframework.pdb
c:\users\aalex\desktop\egc\gfx-framework-master\build\debug\gfxframework.lib
c:\users\aalex\desktop\egc\gfx-framework-master\build\debug\gfxframework.exp
c:\users\aalex\desktop\egc\gfx-framework-master\build\gfxframework.dir\debug\gfxframework.ilk
c:\users\aalex\desktop\egc\gfx-framework-master\build\gfxframework.dir\debug\gfxframework.tlog\cl.command.1.tlog
c:\users\aalex\desktop\egc\gfx-framework-master\build\gfxframework.dir\debug\gfxframework.tlog\cl.items.tlog
c:\users\aalex\desktop\egc\gfx-framework-master\build\gfxframework.dir\debug\gfxframework.tlog\cl.read.1.tlog
c:\users\aalex\desktop\egc\gfx-framework-master\build\gfxframework.dir\debug\gfxframework.tlog\cl.write.1.tlog
c:\users\aalex\desktop\egc\gfx-framework-master\build\gfxframework.dir\debug\gfxframework.tlog\custombuild.command.1.tlog
c:\users\aalex\desktop\egc\gfx-framework-master\build\gfxframework.dir\debug\gfxframework.tlog\custombuild.read.1.tlog
c:\users\aalex\desktop\egc\gfx-framework-master\build\gfxframework.dir\debug\gfxframework.tlog\custombuild.write.1.tlog
c:\users\aalex\desktop\egc\gfx-framework-master\build\gfxframework.dir\debug\gfxframework.tlog\link.command.1.tlog
c:\users\aalex\desktop\egc\gfx-framework-master\build\gfxframework.dir\debug\gfxframework.tlog\link.read.1.tlog
c:\users\aalex\desktop\egc\gfx-framework-master\build\gfxframework.dir\debug\gfxframework.tlog\link.secondary.1.tlog
c:\users\aalex\desktop\egc\gfx-framework-master\build\gfxframework.dir\debug\gfxframework.tlog\link.write.1.tlog
